[debug] [2019-05-19T23:20:16.781Z] ----------------------------------------------------------------------
[debug] [2019-05-19T23:20:16.785Z] Command:       C:\Program Files\nodejs\node.exe C:\Users\Fabiola\AppData\Roaming\npm\node_modules\firebase-tools\lib\bin\firebase.js functions:shell
[debug] [2019-05-19T23:20:16.785Z] CLI Version:   6.8.0
[debug] [2019-05-19T23:20:16.785Z] Platform:      win32
[debug] [2019-05-19T23:20:16.785Z] Node Version:  v11.8.0
[debug] [2019-05-19T23:20:16.788Z] Time:          Sun May 19 2019 19:20:16 GMT-0400 (GMT-04:00)
[debug] [2019-05-19T23:20:16.788Z] ----------------------------------------------------------------------
[debug] 
[debug] [2019-05-19T23:20:16.830Z] > command requires scopes: ["email","openid","https://www.googleapis.com/auth/cloudplatformprojects.readonly","https://www.googleapis.com/auth/firebase","https://www.googleapis.com/auth/cloud-platform"]
[debug] [2019-05-19T23:20:16.832Z] > authorizing via signed-in user
[debug] [2019-05-19T23:20:16.832Z] [iam] checking project burger-queen-24hrs for permissions ["firebase.projects.get"]
[debug] [2019-05-19T23:20:16.837Z] > refreshing access token with scopes: ["email","https://www.googleapis.com/auth/cloud-platform","https://www.googleapis.com/auth/cloudplatformprojects.readonly","https://www.googleapis.com/auth/firebase","openid"]
[debug] [2019-05-19T23:20:16.837Z] >>> HTTP REQUEST POST https://www.googleapis.com/oauth2/v3/token  
 <request body omitted>
[debug] [2019-05-19T23:20:17.092Z] <<< HTTP RESPONSE 200
[debug] [2019-05-19T23:20:17.111Z] >>> HTTP REQUEST POST https://cloudresourcemanager.googleapis.com/v1/projects/burger-queen-24hrs:testIamPermissions  

[debug] [2019-05-19T23:20:18.304Z] <<< HTTP RESPONSE 200
[info] i  functions: Preparing to emulate functions.
[debug] [2019-05-19T23:20:20.732Z] Fetching environment
[debug] [2019-05-19T23:20:20.738Z] >>> HTTP REQUEST GET https://cloudresourcemanager.googleapis.com/v1/projects/burger-queen-24hrs  
 
[debug] [2019-05-19T23:20:21.872Z] <<< HTTP RESPONSE 200
[debug] [2019-05-19T23:20:21.873Z] >>> HTTP REQUEST GET https://mobilesdk-pa.googleapis.com/v1/projects/700510521328:getServerAppConfig  
 
[debug] [2019-05-19T23:20:22.236Z] <<< HTTP RESPONSE 200
[debug] [2019-05-19T23:20:22.237Z] Starting @google-cloud/functions-emulator
[debug] [2019-05-19T23:20:26.332Z] Parsing function triggers
[debug] [2019-05-19T23:20:26.943Z] Deploying functions locally
[debug] [2019-05-19T23:20:26.946Z] Deploying functions locally
[info] +  functions: createProfile
[info] +  functions: deleteProfile
